run=resnet50_224_wd010 fold=0 device=cuda config_hash=23aa1cc941
train=1732 val=434 (group-disjoint, test untouched)
--- phase head ---
epoch   0 [head] train_loss 1.4170 val_loss 1.0265 val_acc 0.7396 macro_f1 0.7139
epoch   1 [head] train_loss 1.0884 val_loss 0.8309 val_acc 0.7719 macro_f1 0.7459
epoch   2 [head] train_loss 0.9699 val_loss 0.7259 val_acc 0.7880 macro_f1 0.7565
epoch   3 [head] train_loss 0.8646 val_loss 0.6559 val_acc 0.8249 macro_f1 0.7931
epoch   4 [head] train_loss 0.8316 val_loss 0.6280 val_acc 0.8134 macro_f1 0.7867
--- phase ft ---
epoch   5 [ft] train_loss 0.8175 val_loss 0.5781 val_acc 0.8272 macro_f1 0.8069
epoch   6 [ft] train_loss 0.7672 val_loss 0.5331 val_acc 0.8318 macro_f1 0.8048
epoch   7 [ft] train_loss 0.7176 val_loss 0.4774 val_acc 0.8641 macro_f1 0.8394
epoch   8 [ft] train_loss 0.6903 val_loss 0.4548 val_acc 0.8664 macro_f1 0.8500
epoch   9 [ft] train_loss 0.6303 val_loss 0.4232 val_acc 0.8917 macro_f1 0.8776
epoch  10 [ft] train_loss 0.6074 val_loss 0.4060 val_acc 0.8917 macro_f1 0.8767
epoch  11 [ft] train_loss 0.5929 val_loss 0.3911 val_acc 0.9101 macro_f1 0.9003
epoch  12 [ft] train_loss 0.5763 val_loss 0.3685 val_acc 0.9101 macro_f1 0.8994
epoch  13 [ft] train_loss 0.5632 val_loss 0.3701 val_acc 0.9124 macro_f1 0.9062
epoch  14 [ft] train_loss 0.5587 val_loss 0.3612 val_acc 0.9217 macro_f1 0.9136
epoch  15 [ft] train_loss 0.5513 val_loss 0.3489 val_acc 0.9194 macro_f1 0.9119
epoch  16 [ft] train_loss 0.5321 val_loss 0.3434 val_acc 0.9194 macro_f1 0.9118
epoch  17 [ft] train_loss 0.5253 val_loss 0.3404 val_acc 0.9194 macro_f1 0.9064
epoch  18 [ft] train_loss 0.5276 val_loss 0.3439 val_acc 0.9171 macro_f1 0.9074
epoch  19 [ft] train_loss 0.5135 val_loss 0.3371 val_acc 0.9194 macro_f1 0.9084
epoch  20 [ft] train_loss 0.5097 val_loss 0.3300 val_acc 0.9263 macro_f1 0.9180
epoch  21 [ft] train_loss 0.5117 val_loss 0.3416 val_acc 0.9309 macro_f1 0.9229
epoch  22 [ft] train_loss 0.5087 val_loss 0.3365 val_acc 0.9286 macro_f1 0.9202
epoch  23 [ft] train_loss 0.5044 val_loss 0.3235 val_acc 0.9332 macro_f1 0.9245
epoch  24 [ft] train_loss 0.5010 val_loss 0.3287 val_acc 0.9378 macro_f1 0.9283
epoch  25 [ft] train_loss 0.4983 val_loss 0.3193 val_acc 0.9309 macro_f1 0.9191
epoch  26 [ft] train_loss 0.4983 val_loss 0.3308 val_acc 0.9309 macro_f1 0.9203
epoch  27 [ft] train_loss 0.4861 val_loss 0.3164 val_acc 0.9332 macro_f1 0.9216
epoch  28 [ft] train_loss 0.4878 val_loss 0.3181 val_acc 0.9378 macro_f1 0.9266
epoch  29 [ft] train_loss 0.4852 val_loss 0.3229 val_acc 0.9309 macro_f1 0.9203
epoch  30 [ft] train_loss 0.4897 val_loss 0.3184 val_acc 0.9332 macro_f1 0.9219
epoch  31 [ft] train_loss 0.4895 val_loss 0.3140 val_acc 0.9355 macro_f1 0.9239
epoch  32 [ft] train_loss 0.4893 val_loss 0.3102 val_acc 0.9355 macro_f1 0.9244
epoch  33 [ft] train_loss 0.4889 val_loss 0.3151 val_acc 0.9401 macro_f1 0.9278
epoch  34 [ft] train_loss 0.4889 val_loss 0.3160 val_acc 0.9355 macro_f1 0.9239
epoch  35 [ft] train_loss 0.4901 val_loss 0.3124 val_acc 0.9355 macro_f1 0.9237
epoch  36 [ft] train_loss 0.4808 val_loss 0.3183 val_acc 0.9263 macro_f1 0.9154
epoch  37 [ft] train_loss 0.4825 val_loss 0.3112 val_acc 0.9332 macro_f1 0.9220
epoch  38 [ft] train_loss 0.4812 val_loss 0.3130 val_acc 0.9355 macro_f1 0.9232
epoch  39 [ft] train_loss 0.4825 val_loss 0.3099 val_acc 0.9332 macro_f1 0.9214
epoch  40 [ft] train_loss 0.4815 val_loss 0.3118 val_acc 0.9355 macro_f1 0.9240
epoch  41 [ft] train_loss 0.4821 val_loss 0.3128 val_acc 0.9355 macro_f1 0.9238
epoch  42 [ft] train_loss 0.4845 val_loss 0.3123 val_acc 0.9355 macro_f1 0.9238
epoch  43 [ft] train_loss 0.4794 val_loss 0.3200 val_acc 0.9286 macro_f1 0.9174
early stop at epoch 43 (best val_acc 0.9401)
best val_acc 0.9401 -> C:\Users\Yuvra\Downloads\trash-classification\trash-classification\checkpoints\resnet50_224_wd010\fold0\best.pth
